2023-10-20 15:06:06,528 [Worker-1: Loading available Gradle versions] INFO  o.e.b.c.i.u.g.PublishedGradleVersions - Gradle version information cache is up-to-date. Trying to read.
2023-10-20 15:07:08,788 [Worker-6: Building] INFO  o.e.m.c.i.l.LifecycleMappingFactory - Using org.eclipse.m2e.jdt.JarLifecycleMapping lifecycle mapping for MavenProject: com.serenityPOM:curaHealthManagement:0.0.1-SNAPSHOT @ D:\narasimhaserenity\latestGit\selenium-serenity\CuraHealthManagement\pom.xml.
2023-10-20 15:07:10,268 [Worker-6: Building] INFO  o.a.m.s.f.DefaultMavenResourcesFiltering - skip non existing resourceDirectory D:\narasimhaserenity\latestGit\selenium-serenity\CuraHealthManagement\src\main\resources
2023-10-20 15:07:10,276 [Worker-6: Building] INFO  o.a.m.s.f.DefaultMavenResourcesFiltering - Copying 5 resources from src\test\resources to target\test-classes
2023-10-20 15:07:11,382 [Worker-15: Building] INFO  o.e.m.c.i.l.LifecycleMappingFactory - Using org.eclipse.m2e.jdt.JarLifecycleMapping lifecycle mapping for MavenProject: com.serenityPOM:curaHealthManagement:0.0.1-SNAPSHOT @ D:\narasimhaserenity\latestGit\selenium-serenity\CuraHealth_ScreenPlay\pom.xml.
2023-10-20 15:07:12,165 [Worker-15: Building] INFO  o.a.m.s.f.DefaultMavenResourcesFiltering - skip non existing resourceDirectory D:\narasimhaserenity\latestGit\selenium-serenity\CuraHealth_ScreenPlay\src\main\resources
2023-10-20 15:07:12,168 [Worker-15: Building] INFO  o.a.m.s.f.DefaultMavenResourcesFiltering - Copying 5 resources from src\test\resources to target\test-classes
2023-10-20 15:07:12,857 [Worker-11: Building] INFO  o.e.m.c.i.l.LifecycleMappingFactory - Using org.eclipse.m2e.jdt.JarLifecycleMapping lifecycle mapping for MavenProject: SerenityAutomation:GettingStarted:0.0.1-SNAPSHOT @ D:\narasimhaserenity\latestGit\selenium-serenity\GettingStarted\pom.xml.
2023-10-20 15:07:13,725 [Worker-11: Building] INFO  o.a.m.s.f.DefaultMavenResourcesFiltering - skip non existing resourceDirectory D:\narasimhaserenity\latestGit\selenium-serenity\GettingStarted\src\main\resources
2023-10-20 15:07:13,728 [Worker-11: Building] INFO  o.a.m.s.f.DefaultMavenResourcesFiltering - Copying 7 resources from src\test\resources to target\test-classes
2023-10-20 15:07:16,700 [Worker-9: Building] INFO  o.e.m.c.i.l.LifecycleMappingFactory - Using org.eclipse.m2e.jdt.JarLifecycleMapping lifecycle mapping for MavenProject: com.optqa:ScreenplayPOMPractise:0.0.1-SNAPSHOT @ D:\narasimhaserenity\latestGit\selenium-serenity\ScreenplayPOMPractise\pom.xml.
2023-10-20 15:07:22,419 [Worker-9: Building] INFO  o.a.m.s.f.DefaultMavenResourcesFiltering - skip non existing resourceDirectory D:\narasimhaserenity\latestGit\selenium-serenity\ScreenplayPOMPractise\src\main\resources
2023-10-20 15:07:22,419 [Worker-9: Building] INFO  o.a.m.s.f.DefaultMavenResourcesFiltering - Copying 3 resources from src\test\resources to target\test-classes
2023-10-20 15:07:29,219 [Worker-29: Building] INFO  o.e.m.c.i.l.LifecycleMappingFactory - Using org.eclipse.m2e.jdt.JarLifecycleMapping lifecycle mapping for MavenProject: com.Serenity-MavenJunit-Project:SerenityBDDFrameworkProject:0.0.1-SNAPSHOT @ D:\narasimhaserenity\latestGit\selenium-serenity\SerenityBDDFrameworkProject\pom.xml.
2023-10-20 15:07:33,341 [Worker-29: Building] INFO  o.a.m.s.f.DefaultMavenResourcesFiltering - skip non existing resourceDirectory D:\narasimhaserenity\latestGit\selenium-serenity\SerenityBDDFrameworkProject\src\main\resources
2023-10-20 15:07:33,356 [Worker-29: Building] INFO  o.a.m.s.f.DefaultMavenResourcesFiltering - Copying 4 resources from src\test\resources to target\test-classes
2023-10-20 15:07:36,848 [Worker-11: Building] INFO  o.e.m.c.i.l.LifecycleMappingFactory - Using org.eclipse.m2e.jdt.JarLifecycleMapping lifecycle mapping for MavenProject: com.optqa:ScreenplayPOMPractise:0.0.1-SNAPSHOT @ D:\narasimhaserenity\latestGit\selenium-serenity\com.packt.ScreenplayPOMPractise\pom.xml.
2023-10-20 15:07:39,795 [Worker-11: Building] INFO  o.a.m.s.f.DefaultMavenResourcesFiltering - skip non existing resourceDirectory D:\narasimhaserenity\latestGit\selenium-serenity\com.packt.ScreenplayPOMPractise\src\main\resources
2023-10-20 15:07:39,811 [Worker-11: Building] INFO  o.a.m.s.f.DefaultMavenResourcesFiltering - Copying 3 resources from src\test\resources to target\test-classes
2023-10-20 15:07:46,282 [Worker-16: Building] INFO  o.e.m.c.i.l.LifecycleMappingFactory - Using org.eclipse.m2e.jdt.JarLifecycleMapping lifecycle mapping for MavenProject: sample:serenityBDDFreamework:0.0.1-SNAPSHOT @ D:\narasimhaserenity\latestGit\selenium-serenity\serenityBDDFreamework\pom.xml.
2023-10-20 15:07:49,071 [Worker-16: Building] INFO  o.a.m.s.f.DefaultMavenResourcesFiltering - skip non existing resourceDirectory D:\narasimhaserenity\latestGit\selenium-serenity\serenityBDDFreamework\src\main\resources
2023-10-20 15:07:49,071 [Worker-16: Building] INFO  o.a.m.s.f.DefaultMavenResourcesFiltering - Copying 8 resources from src\test\resources to target\test-classes
2023-10-20 15:08:40,719 [Worker-4: Loading available Gradle versions] INFO  o.e.b.c.i.u.g.PublishedGradleVersions - Gradle version information cache is up-to-date. Trying to read.
2023-10-20 15:08:57,308 [Worker-4: Loading available Gradle versions] INFO  o.e.b.c.i.u.g.PublishedGradleVersions - Gradle version information cache is up-to-date. Trying to read.
2023-10-20 15:11:50,969 [Worker-6: Loading available Gradle versions] INFO  o.e.b.c.i.u.g.PublishedGradleVersions - Gradle version information cache is up-to-date. Trying to read.
2023-10-20 15:12:29,620 [Worker-11: Building] INFO  o.e.m.c.i.l.LifecycleMappingFactory - Using org.eclipse.m2e.jdt.JarLifecycleMapping lifecycle mapping for MavenProject: com.serenityPOM:curaHealthManagement:0.0.1-SNAPSHOT @ D:\narasimhaserenity\latestGit\selenium-serenity\CuraHealthManagement\pom.xml.
2023-10-20 15:12:50,843 [Worker-11: Building] INFO  o.a.m.s.f.DefaultMavenResourcesFiltering - skip non existing resourceDirectory D:\narasimhaserenity\latestGit\selenium-serenity\CuraHealthManagement\src\main\resources
2023-10-20 15:12:50,883 [Worker-11: Building] INFO  o.a.m.s.f.DefaultMavenResourcesFiltering - Copying 5 resources from src\test\resources to target\test-classes
2023-10-20 15:12:59,075 [Worker-26: Building] INFO  o.e.m.c.i.l.LifecycleMappingFactory - Using org.eclipse.m2e.jdt.JarLifecycleMapping lifecycle mapping for MavenProject: com.serenityPOM:curaHealthManagement:0.0.1-SNAPSHOT @ D:\narasimhaserenity\latestGit\selenium-serenity\CuraHealth_ScreenPlay\pom.xml.
2023-10-20 15:13:02,714 [Worker-26: Building] INFO  o.a.m.s.f.DefaultMavenResourcesFiltering - skip non existing resourceDirectory D:\narasimhaserenity\latestGit\selenium-serenity\CuraHealth_ScreenPlay\src\main\resources
2023-10-20 15:13:02,739 [Worker-26: Building] INFO  o.a.m.s.f.DefaultMavenResourcesFiltering - Copying 5 resources from src\test\resources to target\test-classes
2023-10-20 15:13:05,273 [Worker-6: Building] INFO  o.e.m.c.i.l.LifecycleMappingFactory - Using org.eclipse.m2e.jdt.JarLifecycleMapping lifecycle mapping for MavenProject: SerenityAutomation:GettingStarted:0.0.1-SNAPSHOT @ D:\narasimhaserenity\latestGit\selenium-serenity\GettingStarted\pom.xml.
2023-10-20 15:13:07,710 [Worker-6: Building] INFO  o.a.m.s.f.DefaultMavenResourcesFiltering - skip non existing resourceDirectory D:\narasimhaserenity\latestGit\selenium-serenity\GettingStarted\src\main\resources
2023-10-20 15:13:07,712 [Worker-6: Building] INFO  o.a.m.s.f.DefaultMavenResourcesFiltering - Copying 7 resources from src\test\resources to target\test-classes
2023-10-20 15:13:09,284 [Worker-25: Building] INFO  o.e.m.c.i.l.LifecycleMappingFactory - Using org.eclipse.m2e.jdt.JarLifecycleMapping lifecycle mapping for MavenProject: com.optqa:ScreenplayPOMPractise:0.0.1-SNAPSHOT @ D:\narasimhaserenity\latestGit\selenium-serenity\ScreenplayPOMPractise\pom.xml.
2023-10-20 15:13:11,346 [Worker-25: Building] INFO  o.a.m.s.f.DefaultMavenResourcesFiltering - skip non existing resourceDirectory D:\narasimhaserenity\latestGit\selenium-serenity\ScreenplayPOMPractise\src\main\resources
2023-10-20 15:13:11,349 [Worker-25: Building] INFO  o.a.m.s.f.DefaultMavenResourcesFiltering - Copying 3 resources from src\test\resources to target\test-classes
2023-10-20 15:13:17,389 [Worker-8: Building] INFO  o.e.m.c.i.l.LifecycleMappingFactory - Using org.eclipse.m2e.jdt.JarLifecycleMapping lifecycle mapping for MavenProject: com.Serenity-MavenJunit-Project:SerenityBDDFrameworkProject:0.0.1-SNAPSHOT @ D:\narasimhaserenity\latestGit\selenium-serenity\SerenityBDDFrameworkProject\pom.xml.
2023-10-20 15:13:21,074 [Worker-8: Building] INFO  o.a.m.s.f.DefaultMavenResourcesFiltering - skip non existing resourceDirectory D:\narasimhaserenity\latestGit\selenium-serenity\SerenityBDDFrameworkProject\src\main\resources
2023-10-20 15:13:21,077 [Worker-8: Building] INFO  o.a.m.s.f.DefaultMavenResourcesFiltering - Copying 4 resources from src\test\resources to target\test-classes
2023-10-20 15:13:26,658 [Worker-28: Building] INFO  o.e.m.c.i.l.LifecycleMappingFactory - Using org.eclipse.m2e.jdt.JarLifecycleMapping lifecycle mapping for MavenProject: com.optqa:ScreenplayPOMPractise:0.0.1-SNAPSHOT @ D:\narasimhaserenity\latestGit\selenium-serenity\com.packt.ScreenplayPOMPractise\pom.xml.
2023-10-20 15:13:28,385 [Worker-28: Building] INFO  o.a.m.s.f.DefaultMavenResourcesFiltering - skip non existing resourceDirectory D:\narasimhaserenity\latestGit\selenium-serenity\com.packt.ScreenplayPOMPractise\src\main\resources
2023-10-20 15:13:28,387 [Worker-28: Building] INFO  o.a.m.s.f.DefaultMavenResourcesFiltering - Copying 3 resources from src\test\resources to target\test-classes
2023-10-20 15:13:33,926 [Worker-4: Building] INFO  o.e.m.c.i.l.LifecycleMappingFactory - Using org.eclipse.m2e.jdt.JarLifecycleMapping lifecycle mapping for MavenProject: sample:serenityBDDFreamework:0.0.1-SNAPSHOT @ D:\narasimhaserenity\latestGit\selenium-serenity\serenityBDDFreamework\pom.xml.
2023-10-20 15:13:35,946 [Worker-4: Building] INFO  o.a.m.s.f.DefaultMavenResourcesFiltering - skip non existing resourceDirectory D:\narasimhaserenity\latestGit\selenium-serenity\serenityBDDFreamework\src\main\resources
2023-10-20 15:13:35,956 [Worker-4: Building] INFO  o.a.m.s.f.DefaultMavenResourcesFiltering - Copying 8 resources from src\test\resources to target\test-classes
2023-10-20 15:18:37,430 [Worker-3: Building] INFO  o.a.m.s.f.DefaultMavenResourcesFiltering - Copying 0 resource from src\main\resources to target\classes
2023-10-20 15:18:37,434 [Worker-3: Building] INFO  o.a.m.s.f.DefaultMavenResourcesFiltering - Copying 8 resources from src\test\resources to target\test-classes
